<?xml version="1.0" encoding="UTF-8"?>
<!-- Generated by org.testng.reporters.JUnitReportReporter -->
<testsuite name="Extend" tests="1" time="0.712" ignored="0" failures="0" timestamp="18 Oct 2018 04:36:11 GMT" skipped="0" hostname="AGRN50936803A" errors="0">
  <testcase name="testm" time="0.712" classname="Extend"/>
</testsuite> <!-- Extend -->
