<?xml version="1.0" encoding="UTF-8"?>
<!-- Generated by org.testng.reporters.JUnitReportReporter -->
<testsuite name="getRequest.Getdata" tests="1" time="3.069" ignored="0" failures="0" timestamp="06 Sep 2018 08:28:14 GMT" skipped="0" hostname="AGRN50936803A" errors="0">
  <testcase name="testresponcecode" time="3.069" classname="getRequest.Getdata"/>
</testsuite> <!-- getRequest.Getdata -->
