<?xml version="1.0" encoding="UTF-8"?>
<!-- Generated by org.testng.reporters.JUnitReportReporter -->
<testsuite name="getRequest.Rules" tests="1" time="4.314" ignored="0" failures="0" timestamp="07 Sep 2018 04:09:38 GMT" skipped="0" hostname="AGRN50936803A" errors="0">
  <testcase name="rules" time="4.314" classname="getRequest.Rules"/>
</testsuite> <!-- getRequest.Rules -->
