<?xml version="1.0" encoding="UTF-8"?>
<!-- Generated by org.testng.reporters.JUnitReportReporter -->
<testsuite name="getRequest.Direct" tests="2" time="4.857" ignored="0" failures="0" timestamp="06 Sep 2018 08:38:49 GMT" skipped="0" hostname="AGRN50936803A" errors="0">
  <testcase name="testresponcecode" time="0.990" classname="getRequest.Direct"/>
  <testcase name="testresponce" time="3.867" classname="getRequest.Direct"/>
</testsuite> <!-- getRequest.Direct -->
